2021-01-26 10:52:15 error: uncaughtException: тип Unable to compile TypeScript:
[96msrc/services/artemis.service.ts[0m:[93m5[0m:[93m8[0m - [91merror[0m[90m TS2613: [0mModule '"C:/Users/hjo/Documents/Github/demeter-web/atlas-api/src/shared/Logger"' has no default export. Did you mean to use 'import { logger } from "C:/Users/hjo/Documents/Github/demeter-web/atlas-api/src/shared/Logger"' instead?

[7m5[0m import logger from "@shared/Logger";
[7m [0m [91m       ~~~~~~[0m

TSError: тип Unable to compile TypeScript:
[96msrc/services/artemis.service.ts[0m:[93m5[0m:[93m8[0m - [91merror[0m[90m TS2613: [0mModule '"C:/Users/hjo/Documents/Github/demeter-web/atlas-api/src/shared/Logger"' has no default export. Did you mean to use 'import { logger } from "C:/Users/hjo/Documents/Github/demeter-web/atlas-api/src/shared/Logger"' instead?

[7m5[0m import logger from "@shared/Logger";
[7m [0m [91m       ~~~~~~[0m

    at createTSError (C:\Users\hjo\Documents\Github\demeter-web\atlas-api\node_modules\ts-node\src\index.ts:513:12)
    at reportTSError (C:\Users\hjo\Documents\Github\demeter-web\atlas-api\node_modules\ts-node\src\index.ts:517:19)
    at getOutput (C:\Users\hjo\Documents\Github\demeter-web\atlas-api\node_modules\ts-node\src\index.ts:752:36)
    at Object.compile (C:\Users\hjo\Documents\Github\demeter-web\atlas-api\node_modules\ts-node\src\index.ts:968:32)
    at Module.m._compile (C:\Users\hjo\Documents\Github\demeter-web\atlas-api\node_modules\ts-node\src\index.ts:1056:42)
    at Module._extensions..js (internal/modules/cjs/loader.js:1092:10)
    at Object.require.extensions.<computed> [as .ts] (C:\Users\hjo\Documents\Github\demeter-web\atlas-api\node_modules\ts-node\src\index.ts:1059:12)
    at Module.load (internal/modules/cjs/loader.js:928:32)
    at Function.Module._load (internal/modules/cjs/loader.js:769:14)
    at Module.require (internal/modules/cjs/loader.js:952:19)
2021-01-26 10:52:36 error: uncaughtException: тип Unable to compile TypeScript:
[96msrc/services/artemis.service.ts[0m:[93m5[0m:[93m8[0m - [91merror[0m[90m TS2613: [0mModule '"C:/Users/hjo/Documents/Github/demeter-web/atlas-api/src/shared/Logger"' has no default export. Did you mean to use 'import { logger } from "C:/Users/hjo/Documents/Github/demeter-web/atlas-api/src/shared/Logger"' instead?

[7m5[0m import logger from "@shared/Logger";
[7m [0m [91m       ~~~~~~[0m

TSError: тип Unable to compile TypeScript:
[96msrc/services/artemis.service.ts[0m:[93m5[0m:[93m8[0m - [91merror[0m[90m TS2613: [0mModule '"C:/Users/hjo/Documents/Github/demeter-web/atlas-api/src/shared/Logger"' has no default export. Did you mean to use 'import { logger } from "C:/Users/hjo/Documents/Github/demeter-web/atlas-api/src/shared/Logger"' instead?

[7m5[0m import logger from "@shared/Logger";
[7m [0m [91m       ~~~~~~[0m

    at createTSError (C:\Users\hjo\Documents\Github\demeter-web\atlas-api\node_modules\ts-node\src\index.ts:513:12)
    at reportTSError (C:\Users\hjo\Documents\Github\demeter-web\atlas-api\node_modules\ts-node\src\index.ts:517:19)
    at getOutput (C:\Users\hjo\Documents\Github\demeter-web\atlas-api\node_modules\ts-node\src\index.ts:752:36)
    at Object.compile (C:\Users\hjo\Documents\Github\demeter-web\atlas-api\node_modules\ts-node\src\index.ts:968:32)
    at Module.m._compile (C:\Users\hjo\Documents\Github\demeter-web\atlas-api\node_modules\ts-node\src\index.ts:1056:42)
    at Module._extensions..js (internal/modules/cjs/loader.js:1092:10)
    at Object.require.extensions.<computed> [as .ts] (C:\Users\hjo\Documents\Github\demeter-web\atlas-api\node_modules\ts-node\src\index.ts:1059:12)
    at Module.load (internal/modules/cjs/loader.js:928:32)
    at Function.Module._load (internal/modules/cjs/loader.js:769:14)
    at Module.require (internal/modules/cjs/loader.js:952:19)
2021-01-26 10:53:33 error: uncaughtException: тип Unable to compile TypeScript:
[96msrc/interfaces/artemis/detectionStatus.interface.ts[0m:[93m7[0m:[93m12[0m - [91merror[0m[90m TS1357: [0mAn enum member name must be followed by a ',', '=', or '}'.

[7m7[0m     Unknown;
[7m [0m [91m           ~[0m

TSError: тип Unable to compile TypeScript:
[96msrc/interfaces/artemis/detectionStatus.interface.ts[0m:[93m7[0m:[93m12[0m - [91merror[0m[90m TS1357: [0mAn enum member name must be followed by a ',', '=', or '}'.

[7m7[0m     Unknown;
[7m [0m [91m           ~[0m

    at createTSError (C:\Users\hjo\Documents\Github\demeter-web\atlas-api\node_modules\ts-node\src\index.ts:513:12)
    at reportTSError (C:\Users\hjo\Documents\Github\demeter-web\atlas-api\node_modules\ts-node\src\index.ts:517:19)
    at getOutput (C:\Users\hjo\Documents\Github\demeter-web\atlas-api\node_modules\ts-node\src\index.ts:752:36)
    at Object.compile (C:\Users\hjo\Documents\Github\demeter-web\atlas-api\node_modules\ts-node\src\index.ts:968:32)
    at Module.m._compile (C:\Users\hjo\Documents\Github\demeter-web\atlas-api\node_modules\ts-node\src\index.ts:1056:42)
    at Module._extensions..js (internal/modules/cjs/loader.js:1092:10)
    at Object.require.extensions.<computed> [as .ts] (C:\Users\hjo\Documents\Github\demeter-web\atlas-api\node_modules\ts-node\src\index.ts:1059:12)
    at Module.load (internal/modules/cjs/loader.js:928:32)
    at Function.Module._load (internal/modules/cjs/loader.js:769:14)
    at Module.require (internal/modules/cjs/loader.js:952:19)
2021-01-26 13:12:33 error: uncaughtException: тип Unable to compile TypeScript:
[96msrc/services/detection.service.ts[0m:[93m47[0m:[93m9[0m - [91merror[0m[90m TS2322: [0mType '{ appName: string; status: DetectionStatus.Pending; }' is not assignable to type 'DetectionResult'.
  Object literal may only specify known properties, and 'appName' does not exist in type 'DetectionResult'.

[7m47[0m         appName: appName,
[7m  [0m [91m        ~~~~~~~~~~~~~~~~[0m
[96msrc/services/detection.service.ts[0m:[93m52[0m:[93m9[0m - [91merror[0m[90m TS2322: [0mType '{ appName: string; status: DetectionStatus.Failure; }' is not assignable to type 'DetectionResult'.
  Object literal may only specify known properties, and 'appName' does not exist in type 'DetectionResult'.

[7m52[0m         appName: appName,
[7m  [0m [91m        ~~~~~~~~~~~~~~~~[0m
[96msrc/services/detection.service.ts[0m:[93m57[0m:[93m9[0m - [91merror[0m[90m TS2322: [0mType '{ appName: string; status: DetectionStatus.Succes; data: Framework[]; }' is not assignable to type 'DetectionResult'.
  Object literal may only specify known properties, and 'appName' does not exist in type 'DetectionResult'.

[7m57[0m         appName: appName,
[7m  [0m [91m        ~~~~~~~~~~~~~~~~[0m
[96msrc/services/detection.service.ts[0m:[93m63[0m:[93m9[0m - [91merror[0m[90m TS2322: [0mType '{ appName: string; status: DetectionStatus.Unknown; }' is not assignable to type 'DetectionResult'.
  Object literal may only specify known properties, and 'appName' does not exist in type 'DetectionResult'.

[7m63[0m         appName: appName,
[7m  [0m [91m        ~~~~~~~~~~~~~~~~[0m
[96msrc/services/detection.service.ts[0m:[93m76[0m:[93m9[0m - [91merror[0m[90m TS2345: [0mArgument of type '{ appName: string; status: DetectionStatus.Pending; }' is not assignable to parameter of type 'DetectionResult'.
  Object literal may only specify known properties, and 'appName' does not exist in type 'DetectionResult'.

[7m76[0m         appName: element,
[7m  [0m [91m        ~~~~~~~~~~~~~~~~[0m
[96msrc/services/detection.service.ts[0m:[93m92[0m:[93m11[0m - [91merror[0m[90m TS2345: [0mArgument of type '{ appName: string; status: DetectionStatus.Succes; data: Framework[]; }' is not assignable to parameter of type 'DetectionResult'.
  Object literal may only specify known properties, and 'appName' does not exist in type 'DetectionResult'.

[7m92[0m           appName: key,
[7m  [0m [91m          ~~~~~~~~~~~~[0m
[96msrc/services/detection.service.ts[0m:[93m109[0m:[93m9[0m - [91merror[0m[90m TS2345: [0mArgument of type '{ appName: string; status: DetectionStatus.Failure; }' is not assignable to parameter of type 'DetectionResult'.
  Object literal may only specify known properties, and 'appName' does not exist in type 'DetectionResult'.

[7m109[0m         appName: element,
[7m   [0m [91m        ~~~~~~~~~~~~~~~~[0m

TSError: тип Unable to compile TypeScript:
[96msrc/services/detection.service.ts[0m:[93m47[0m:[93m9[0m - [91merror[0m[90m TS2322: [0mType '{ appName: string; status: DetectionStatus.Pending; }' is not assignable to type 'DetectionResult'.
  Object literal may only specify known properties, and 'appName' does not exist in type 'DetectionResult'.

[7m47[0m         appName: appName,
[7m  [0m [91m        ~~~~~~~~~~~~~~~~[0m
[96msrc/services/detection.service.ts[0m:[93m52[0m:[93m9[0m - [91merror[0m[90m TS2322: [0mType '{ appName: string; status: DetectionStatus.Failure; }' is not assignable to type 'DetectionResult'.
  Object literal may only specify known properties, and 'appName' does not exist in type 'DetectionResult'.

[7m52[0m         appName: appName,
[7m  [0m [91m        ~~~~~~~~~~~~~~~~[0m
[96msrc/services/detection.service.ts[0m:[93m57[0m:[93m9[0m - [91merror[0m[90m TS2322: [0mType '{ appName: string; status: DetectionStatus.Succes; data: Framework[]; }' is not assignable to type 'DetectionResult'.
  Object literal may only specify known properties, and 'appName' does not exist in type 'DetectionResult'.

[7m57[0m         appName: appName,
[7m  [0m [91m        ~~~~~~~~~~~~~~~~[0m
[96msrc/services/detection.service.ts[0m:[93m63[0m:[93m9[0m - [91merror[0m[90m TS2322: [0mType '{ appName: string; status: DetectionStatus.Unknown; }' is not assignable to type 'DetectionResult'.
  Object literal may only specify known properties, and 'appName' does not exist in type 'DetectionResult'.

[7m63[0m         appName: appName,
[7m  [0m [91m        ~~~~~~~~~~~~~~~~[0m
[96msrc/services/detection.service.ts[0m:[93m76[0m:[93m9[0m - [91merror[0m[90m TS2345: [0mArgument of type '{ appName: string; status: DetectionStatus.Pending; }' is not assignable to parameter of type 'DetectionResult'.
  Object literal may only specify known properties, and 'appName' does not exist in type 'DetectionResult'.

[7m76[0m         appName: element,
[7m  [0m [91m        ~~~~~~~~~~~~~~~~[0m
[96msrc/services/detection.service.ts[0m:[93m92[0m:[93m11[0m - [91merror[0m[90m TS2345: [0mArgument of type '{ appName: string; status: DetectionStatus.Succes; data: Framework[]; }' is not assignable to parameter of type 'DetectionResult'.
  Object literal may only specify known properties, and 'appName' does not exist in type 'DetectionResult'.

[7m92[0m           appName: key,
[7m  [0m [91m          ~~~~~~~~~~~~[0m
[96msrc/services/detection.service.ts[0m:[93m109[0m:[93m9[0m - [91merror[0m[90m TS2345: [0mArgument of type '{ appName: string; status: DetectionStatus.Failure; }' is not assignable to parameter of type 'DetectionResult'.
  Object literal may only specify known properties, and 'appName' does not exist in type 'DetectionResult'.

[7m109[0m         appName: element,
[7m   [0m [91m        ~~~~~~~~~~~~~~~~[0m

    at createTSError (C:\Users\hjo\Documents\Github\demeter-web\atlas-api\node_modules\ts-node\src\index.ts:513:12)
    at reportTSError (C:\Users\hjo\Documents\Github\demeter-web\atlas-api\node_modules\ts-node\src\index.ts:517:19)
    at getOutput (C:\Users\hjo\Documents\Github\demeter-web\atlas-api\node_modules\ts-node\src\index.ts:752:36)
    at Object.compile (C:\Users\hjo\Documents\Github\demeter-web\atlas-api\node_modules\ts-node\src\index.ts:968:32)
    at Module.m._compile (C:\Users\hjo\Documents\Github\demeter-web\atlas-api\node_modules\ts-node\src\index.ts:1056:42)
    at Module._extensions..js (internal/modules/cjs/loader.js:1092:10)
    at Object.require.extensions.<computed> [as .ts] (C:\Users\hjo\Documents\Github\demeter-web\atlas-api\node_modules\ts-node\src\index.ts:1059:12)
    at Module.load (internal/modules/cjs/loader.js:928:32)
    at Function.Module._load (internal/modules/cjs/loader.js:769:14)
    at Module.require (internal/modules/cjs/loader.js:952:19)
2021-01-26 13:32:42 error: uncaughtException: тип Unable to compile TypeScript:
[96msrc/services/detection.service.ts[0m:[93m58[0m:[93m33[0m - [91merror[0m[90m TS2551: [0mProperty 'Succes' does not exist on type 'typeof DetectionStatus'. Did you mean 'Success'?

[7m58[0m         status: DetectionStatus.Succes,
[7m  [0m [91m                                ~~~~~~[0m

  [96msrc/interfaces/artemis/detectionStatus.interface.ts[0m:[93m5[0m:[93m5[0m
    [7m5[0m     Success,
    [7m [0m [96m    ~~~~~~~[0m
    'Success' is declared here.
[96msrc/services/detection.service.ts[0m:[93m93[0m:[93m35[0m - [91merror[0m[90m TS2551: [0mProperty 'Succes' does not exist on type 'typeof DetectionStatus'. Did you mean 'Success'?

[7m93[0m           status: DetectionStatus.Succes,
[7m  [0m [91m                                  ~~~~~~[0m

  [96msrc/interfaces/artemis/detectionStatus.interface.ts[0m:[93m5[0m:[93m5[0m
    [7m5[0m     Success,
    [7m [0m [96m    ~~~~~~~[0m
    'Success' is declared here.

TSError: тип Unable to compile TypeScript:
[96msrc/services/detection.service.ts[0m:[93m58[0m:[93m33[0m - [91merror[0m[90m TS2551: [0mProperty 'Succes' does not exist on type 'typeof DetectionStatus'. Did you mean 'Success'?

[7m58[0m         status: DetectionStatus.Succes,
[7m  [0m [91m                                ~~~~~~[0m

  [96msrc/interfaces/artemis/detectionStatus.interface.ts[0m:[93m5[0m:[93m5[0m
    [7m5[0m     Success,
    [7m [0m [96m    ~~~~~~~[0m
    'Success' is declared here.
[96msrc/services/detection.service.ts[0m:[93m93[0m:[93m35[0m - [91merror[0m[90m TS2551: [0mProperty 'Succes' does not exist on type 'typeof DetectionStatus'. Did you mean 'Success'?

[7m93[0m           status: DetectionStatus.Succes,
[7m  [0m [91m                                  ~~~~~~[0m

  [96msrc/interfaces/artemis/detectionStatus.interface.ts[0m:[93m5[0m:[93m5[0m
    [7m5[0m     Success,
    [7m [0m [96m    ~~~~~~~[0m
    'Success' is declared here.

    at createTSError (C:\Users\hjo\Documents\Github\demeter-web\atlas-api\node_modules\ts-node\src\index.ts:513:12)
    at reportTSError (C:\Users\hjo\Documents\Github\demeter-web\atlas-api\node_modules\ts-node\src\index.ts:517:19)
    at getOutput (C:\Users\hjo\Documents\Github\demeter-web\atlas-api\node_modules\ts-node\src\index.ts:752:36)
    at Object.compile (C:\Users\hjo\Documents\Github\demeter-web\atlas-api\node_modules\ts-node\src\index.ts:968:32)
    at Module.m._compile (C:\Users\hjo\Documents\Github\demeter-web\atlas-api\node_modules\ts-node\src\index.ts:1056:42)
    at Module._extensions..js (internal/modules/cjs/loader.js:1092:10)
    at Object.require.extensions.<computed> [as .ts] (C:\Users\hjo\Documents\Github\demeter-web\atlas-api\node_modules\ts-node\src\index.ts:1059:12)
    at Module.load (internal/modules/cjs/loader.js:928:32)
    at Function.Module._load (internal/modules/cjs/loader.js:769:14)
    at Module.require (internal/modules/cjs/loader.js:952:19)
2021-01-26 13:57:08 error: uncaughtException: write EPIPE
Error: write EPIPE
    at afterWriteDispatched (internal/stream_base_commons.js:156:25)
    at writeGeneric (internal/stream_base_commons.js:147:3)
    at WriteStream.Socket._writeGeneric (net.js:785:11)
    at WriteStream.Socket._write (net.js:797:8)
    at writeOrBuffer (_stream_writable.js:352:12)
    at WriteStream.Writable.write (_stream_writable.js:303:10)
    at Console.log (C:\Users\hjo\node_modules\winston\lib\winston\transports\console.js:79:23)
    at Console._write (C:\Users\hjo\node_modules\winston-transport\index.js:103:17)
    at doWrite (C:\Users\hjo\node_modules\winston-transport\node_modules\readable-stream\lib\_stream_writable.js:428:64)
    at writeOrBuffer (C:\Users\hjo\node_modules\winston-transport\node_modules\readable-stream\lib\_stream_writable.js:417:5)
